<component name="libraryTable">
  <library name="junit-jupiter-api-5.6.2">
    <CLASSES>
      <root url="jar://$PROJECT_DIR$/dependencies/apiguardian-api-1.0.0.jar!/" />
      <root url="jar://$PROJECT_DIR$/dependencies/junit-jupiter-api-5.4.0-M1.jar!/" />
      <root url="jar://$PROJECT_DIR$/dependencies/junit-platform-commons-1.4.0-M1.jar!/" />
    </CLASSES>
    <JAVADOC />
    <SOURCES />
  </library>
</component>